[2022-08-31T10:21:31.116] [ERROR] default - Error al Insertar: logger is not defined
[2022-08-31T10:22:19.424] [ERROR] default - Error al Insertar: logger is not defined
[2022-08-31T10:22:43.511] [ERROR] default - Error al Insertar: logger is not defined
[2022-08-31T10:38:41.233] [ERROR] default - Error al Insertar: this.products is not a constructor
[2022-08-31T10:41:10.008] [ERROR] default - Error: querySrv ECONNREFUSED _mongodb._tcp.cluster0.9ghdw.mongodb.net
    at QueryReqWrap.onresolve [as oncomplete] (node:dns:213:19) {
  errno: undefined,
  code: 'ECONNREFUSED',
  syscall: 'querySrv',
  hostname: '_mongodb._tcp.cluster0.9ghdw.mongodb.net'
}
[2022-08-31T10:41:16.431] [ERROR] default - Error: querySrv ECONNREFUSED _mongodb._tcp.cluster0.9ghdw.mongodb.net
    at QueryReqWrap.onresolve [as oncomplete] (node:dns:213:19) {
  errno: undefined,
  code: 'ECONNREFUSED',
  syscall: 'querySrv',
  hostname: '_mongodb._tcp.cluster0.9ghdw.mongodb.net'
}
[2022-08-31T10:41:30.216] [ERROR] default - Error: querySrv ECONNREFUSED _mongodb._tcp.cluster0.9ghdw.mongodb.net
    at QueryReqWrap.onresolve [as oncomplete] (node:dns:213:19) {
  errno: undefined,
  code: 'ECONNREFUSED',
  syscall: 'querySrv',
  hostname: '_mongodb._tcp.cluster0.9ghdw.mongodb.net'
}
[2022-08-31T10:42:39.263] [ERROR] default - Error al Insertar: this.products.save is not a constructor
[2022-08-31T10:43:17.215] [ERROR] default - Error al Insertar: this.products.save is not a constructor
[2022-08-31T10:43:30.758] [ERROR] default - Error al Insertar: this.products.save is not a constructor
[2022-08-31T10:43:57.345] [ERROR] default - Error al Insertar: this.products.save is not a constructor
[2022-08-31T10:45:42.435] [ERROR] default - Error al Insertar: this.products.save is not a constructor
[2022-08-31T10:51:09.482] [ERROR] default - Error al Insertar: Cannot read properties of undefined (reading 'save')
[2022-08-31T10:51:36.475] [ERROR] default - Error al Insertar: Cannot read properties of undefined (reading 'save')
[2022-08-31T10:52:28.863] [ERROR] default - Error al Insertar: this.products.save is not a constructor
[2022-08-31T17:08:13.003] [ERROR] default - Error al Borrar: Error al Borrar: Elemento no encontrado
[2022-08-31T17:08:18.259] [ERROR] default - Error al Borrar: Error al Borrar: Elemento no encontrado
[2022-08-31T17:14:53.223] [ERROR] default - Error al Crear: generateObject is not a function
[2022-08-31T17:15:12.252] [ERROR] default - Error al Crear: generateObject is not a function
[2022-08-31T17:16:01.764] [ERROR] default - Error al Crear: faker.random.uuid is not a function
[2022-08-31T17:39:45.039] [ERROR] default - Error al Leer: this[#repoProducts].getAll is not a function
[2022-08-31T20:13:07.616] [ERROR] default - Error al Leer: #<Object> is not a function
[2022-08-31T20:40:16.354] [ERROR] default - Error al Crear: cant is not defined
[2022-08-31T20:40:39.481] [ERROR] default - Error al Crear: cant is not defined
[2022-08-31T20:42:36.427] [ERROR] default - Error al Crear: cant is not defined
[2022-08-31T20:43:26.019] [ERROR] default - Error al Crear: cant is not defined
[2022-08-31T20:44:24.512] [ERROR] default - Error al Crear: dtoProduct is not defined
[2022-08-31T20:44:48.616] [ERROR] default - Error al Crear: dtoProduct is not defined
[2022-08-31T20:45:49.312] [ERROR] default - Error al Crear: dtoProduct is not defined
[2022-08-31T20:46:30.312] [ERROR] default - Error al Crear: dtoProduct is not defined
[2022-08-31T20:47:09.590] [ERROR] default - Error al Insertar: Error en escritura: fs is not defined
[2022-08-31T20:47:46.467] [ERROR] default - Error al Insertar: Error en escritura: fs is not defined
[2022-08-31T21:28:38.288] [ERROR] default - Error al Insertar: this.save is not a function
[2022-08-31T21:29:00.152] [ERROR] default - Error al Insertar: this.collection.insertOne is not a function
[2022-08-31T21:29:02.085] [ERROR] default - Error al Insertar: this.collection.insertOne is not a function
