[2022-08-31T10:21:31.116] [ERROR] default - Error al Insertar: logger is not defined
[2022-08-31T10:22:19.424] [ERROR] default - Error al Insertar: logger is not defined
[2022-08-31T10:22:43.511] [ERROR] default - Error al Insertar: logger is not defined
[2022-08-31T10:38:41.233] [ERROR] default - Error al Insertar: this.products is not a constructor
[2022-08-31T10:41:10.008] [ERROR] default - Error: querySrv ECONNREFUSED _mongodb._tcp.cluster0.9ghdw.mongodb.net
    at QueryReqWrap.onresolve [as oncomplete] (node:dns:213:19) {
  errno: undefined,
  code: 'ECONNREFUSED',
  syscall: 'querySrv',
  hostname: '_mongodb._tcp.cluster0.9ghdw.mongodb.net'
}
[2022-08-31T10:41:16.431] [ERROR] default - Error: querySrv ECONNREFUSED _mongodb._tcp.cluster0.9ghdw.mongodb.net
    at QueryReqWrap.onresolve [as oncomplete] (node:dns:213:19) {
  errno: undefined,
  code: 'ECONNREFUSED',
  syscall: 'querySrv',
  hostname: '_mongodb._tcp.cluster0.9ghdw.mongodb.net'
}
[2022-08-31T10:41:30.216] [ERROR] default - Error: querySrv ECONNREFUSED _mongodb._tcp.cluster0.9ghdw.mongodb.net
    at QueryReqWrap.onresolve [as oncomplete] (node:dns:213:19) {
  errno: undefined,
  code: 'ECONNREFUSED',
  syscall: 'querySrv',
  hostname: '_mongodb._tcp.cluster0.9ghdw.mongodb.net'
}
[2022-08-31T10:42:39.263] [ERROR] default - Error al Insertar: this.products.save is not a constructor
[2022-08-31T10:43:17.215] [ERROR] default - Error al Insertar: this.products.save is not a constructor
[2022-08-31T10:43:30.758] [ERROR] default - Error al Insertar: this.products.save is not a constructor
[2022-08-31T10:43:57.345] [ERROR] default - Error al Insertar: this.products.save is not a constructor
[2022-08-31T10:45:42.435] [ERROR] default - Error al Insertar: this.products.save is not a constructor
[2022-08-31T10:51:09.482] [ERROR] default - Error al Insertar: Cannot read properties of undefined (reading 'save')
[2022-08-31T10:51:36.475] [ERROR] default - Error al Insertar: Cannot read properties of undefined (reading 'save')
[2022-08-31T10:52:28.863] [ERROR] default - Error al Insertar: this.products.save is not a constructor
[2022-08-31T17:08:13.003] [ERROR] default - Error al Borrar: Error al Borrar: Elemento no encontrado
[2022-08-31T17:08:18.259] [ERROR] default - Error al Borrar: Error al Borrar: Elemento no encontrado
[2022-08-31T17:14:53.223] [ERROR] default - Error al Crear: generateObject is not a function
[2022-08-31T17:15:12.252] [ERROR] default - Error al Crear: generateObject is not a function
[2022-08-31T17:16:01.764] [ERROR] default - Error al Crear: faker.random.uuid is not a function
[2022-08-31T17:38:45.033] [INFO] default - GET /login
[2022-08-31T17:38:45.483] [WARN] default - GET /favicon.ico
[2022-08-31T17:38:52.864] [INFO] default - POST /login
[2022-08-31T17:38:52.921] [INFO] default - GET /failureLogin
[2022-08-31T17:38:52.927] [INFO] default - GET /loginError
[2022-08-31T17:38:57.562] [INFO] default - GET /login
[2022-08-31T17:39:44.222] [INFO] default - POST /login
[2022-08-31T17:39:44.764] [INFO] default - GET /successLogin
[2022-08-31T17:39:44.819] [INFO] default - GET /
[2022-08-31T17:39:45.039] [ERROR] default - Error al Leer: this[#repoProducts].getAll is not a function
[2022-08-31T17:40:48.772] [INFO] default - GET /login
[2022-08-31T17:40:49.664] [INFO] default - GET /
[2022-08-31T17:40:50.049] [INFO] default - GET /login
[2022-08-31T17:42:40.599] [INFO] default - GET /login
[2022-08-31T17:44:59.862] [INFO] default - GET /login
[2022-08-31T17:46:39.934] [INFO] default - GET /login
[2022-08-31T17:47:28.253] [INFO] default - GET /
[2022-08-31T17:47:28.701] [INFO] default - GET /login
[2022-08-31T17:47:39.461] [WARN] default - GET /jlhgk
[2022-08-31T17:47:54.701] [INFO] default - GET /
[2022-08-31T17:47:55.720] [WARN] default - GET /jlhgk
[2022-08-31T17:47:57.068] [INFO] default - GET /login
[2022-08-31T17:50:12.059] [WARN] default - GET /jlhgk
[2022-08-31T17:50:12.068] [INFO] default - GET /login
[2022-08-31T17:50:40.255] [WARN] default - GET /jlhgk
[2022-08-31T17:50:40.280] [INFO] default - GET /login
[2022-08-31T17:50:40.557] [INFO] default - GET /login
[2022-08-31T17:50:56.363] [INFO] default - POST /login
[2022-08-31T17:50:57.015] [INFO] default - GET /successLogin
[2022-08-31T17:50:57.089] [INFO] default - GET /
[2022-08-31T17:50:57.851] [WARN] default - GET /jlhgk
[2022-08-31T17:50:57.864] [INFO] default - GET /login
[2022-08-31T17:53:45.748] [INFO] default - GET /
[2022-08-31T17:53:46.238] [WARN] default - GET /jlhgk
[2022-08-31T17:53:46.253] [INFO] default - GET /login
[2022-08-31T17:53:52.976] [INFO] default - GET /
[2022-08-31T17:53:53.483] [WARN] default - GET /jlhgk
[2022-08-31T17:53:53.769] [INFO] default - GET /login
[2022-08-31T17:54:02.984] [INFO] default - GET /
[2022-08-31T17:54:03.397] [WARN] default - GET /jlhgk
[2022-08-31T17:54:03.409] [INFO] default - GET /login
[2022-08-31T17:56:04.859] [WARN] default - GET /jlhgk
[2022-08-31T17:56:05.141] [INFO] default - GET /login
[2022-08-31T17:57:51.956] [WARN] default - GET /jlhgk
[2022-08-31T17:57:52.285] [INFO] default - GET /login
[2022-08-31T17:57:55.720] [WARN] default - GET /jlhgk
[2022-08-31T17:57:58.834] [WARN] default - GET /jlhgk
[2022-08-31T17:57:59.450] [INFO] default - GET /login
[2022-08-31T17:58:23.313] [WARN] default - GET /jlhgk
[2022-08-31T17:58:23.999] [INFO] default - GET /login
[2022-08-31T17:59:26.959] [INFO] default - GET /productos-test
[2022-08-31T20:12:59.823] [INFO] default - GET /login
[2022-08-31T20:13:06.779] [INFO] default - POST /login
[2022-08-31T20:13:07.388] [INFO] default - GET /successLogin
[2022-08-31T20:13:07.441] [INFO] default - GET /
[2022-08-31T20:13:07.616] [ERROR] default - Error al Leer: #<Object> is not a function
[2022-08-31T20:15:25.662] [INFO] default - GET /
[2022-08-31T20:16:50.253] [INFO] default - GET /
[2022-08-31T20:17:23.408] [INFO] default - GET /
[2022-08-31T20:17:59.096] [INFO] default - GET /login
[2022-08-31T20:18:03.350] [INFO] default - GET /
[2022-08-31T20:18:03.701] [INFO] default - GET /login
[2022-08-31T20:18:11.877] [WARN] default - GET /fgj
[2022-08-31T20:18:19.047] [WARN] default - GET /yuirt
[2022-08-31T20:18:21.179] [WARN] default - GET /yuirt
[2022-08-31T20:18:21.372] [WARN] default - GET /yuirt
[2022-08-31T20:18:21.568] [WARN] default - GET /yuirt
[2022-08-31T20:18:21.783] [WARN] default - GET /yuirt
[2022-08-31T20:18:21.995] [WARN] default - GET /yuirt
[2022-08-31T20:18:26.375] [INFO] default - GET /
[2022-08-31T20:18:26.736] [WARN] default - GET /fgj
[2022-08-31T20:18:27.048] [WARN] default - GET /yuirt
[2022-08-31T20:18:27.053] [INFO] default - GET /login
[2022-08-31T20:20:27.704] [INFO] default - GET /login
[2022-08-31T20:20:56.057] [INFO] default - GET /login
[2022-08-31T20:21:32.455] [INFO] default - GET /login
[2022-08-31T20:21:48.232] [INFO] default - GET /login
[2022-08-31T20:23:10.208] [INFO] default - GET /login
[2022-08-31T20:24:30.363] [INFO] default - GET /login
[2022-08-31T20:27:01.893] [INFO] default - GET /login
[2022-08-31T20:27:08.411] [INFO] default - GET /login
[2022-08-31T20:27:34.423] [INFO] default - GET /login
[2022-08-31T20:28:20.652] [INFO] default - GET /login
[2022-08-31T20:28:42.089] [INFO] default - GET /login
[2022-08-31T20:40:16.354] [ERROR] default - Error al Crear: cant is not defined
[2022-08-31T20:40:39.481] [ERROR] default - Error al Crear: cant is not defined
[2022-08-31T20:42:27.239] [INFO] default - GET /login
[2022-08-31T20:42:35.314] [INFO] default - POST /login
[2022-08-31T20:42:36.070] [INFO] default - GET /successLogin
[2022-08-31T20:42:36.133] [INFO] default - GET /
[2022-08-31T20:42:36.427] [ERROR] default - Error al Crear: cant is not defined
[2022-08-31T20:43:26.019] [ERROR] default - Error al Crear: cant is not defined
[2022-08-31T20:44:24.158] [INFO] default - GET /
[2022-08-31T20:44:24.512] [ERROR] default - Error al Crear: dtoProduct is not defined
[2022-08-31T20:44:48.616] [ERROR] default - Error al Crear: dtoProduct is not defined
[2022-08-31T20:45:49.312] [ERROR] default - Error al Crear: dtoProduct is not defined
[2022-08-31T20:46:30.312] [ERROR] default - Error al Crear: dtoProduct is not defined
[2022-08-31T20:46:51.779] [INFO] default - GET /
[2022-08-31T20:46:52.442] [INFO] default - GET /login
[2022-08-31T20:47:05.230] [INFO] default - GET /login
[2022-08-31T20:47:09.590] [ERROR] default - Error al Insertar: Error en escritura: fs is not defined
[2022-08-31T20:47:39.747] [INFO] default - GET /login
[2022-08-31T20:47:41.509] [INFO] default - GET /
[2022-08-31T20:47:41.900] [INFO] default - GET /login
[2022-08-31T20:47:46.467] [ERROR] default - Error al Insertar: Error en escritura: fs is not defined
[2022-08-31T20:48:45.848] [INFO] default - GET /login
[2022-08-31T20:48:52.006] [WARN] default - GET /hgk
[2022-08-31T20:49:42.636] [WARN] default - GET /hgk
[2022-08-31T20:49:42.972] [INFO] default - GET /login
[2022-08-31T20:50:00.440] [WARN] default - GET /hgk
[2022-08-31T20:50:01.124] [INFO] default - GET /login
[2022-08-31T20:50:24.594] [WARN] default - GET /hgk
[2022-08-31T20:50:24.884] [INFO] default - GET /login
[2022-08-31T20:51:13.590] [INFO] default - GET /
[2022-08-31T20:51:13.968] [WARN] default - GET /hgk
[2022-08-31T20:51:14.234] [INFO] default - GET /login
[2022-08-31T20:51:42.581] [WARN] default - GET /hgk
[2022-08-31T20:51:42.943] [INFO] default - GET /login
[2022-08-31T20:52:16.274] [WARN] default - GET /hgk
[2022-08-31T20:52:16.786] [INFO] default - GET /login
[2022-08-31T20:52:21.101] [WARN] default - GET /hgk
[2022-08-31T20:52:21.447] [INFO] default - GET /login
[2022-08-31T20:53:21.085] [INFO] default - GET /login
[2022-08-31T20:53:23.029] [INFO] default - GET /login
[2022-08-31T20:53:32.289] [INFO] default - POST /login
[2022-08-31T20:53:33.132] [INFO] default - GET /successLogin
[2022-08-31T20:53:33.194] [INFO] default - GET /
[2022-08-31T20:53:33.614] [INFO] default - GET /login
[2022-08-31T20:53:47.500] [INFO] default - GET /
[2022-08-31T20:53:47.912] [INFO] default - GET /login
[2022-08-31T20:54:00.270] [INFO] default - GET /login
[2022-08-31T20:54:05.546] [WARN] default - GET /hljhjlh
[2022-08-31T20:55:27.806] [INFO] default - GET /
[2022-08-31T20:55:28.277] [WARN] default - GET /hljhjlh
[2022-08-31T20:55:28.507] [INFO] default - GET /login
[2022-08-31T20:55:49.912] [WARN] default - GET /hljhjlh
[2022-08-31T20:55:50.143] [INFO] default - GET /login
[2022-08-31T20:56:01.781] [WARN] default - GET /hljhjlh
[2022-08-31T20:56:02.015] [INFO] default - GET /login
[2022-08-31T20:56:08.352] [INFO] default - GET /
[2022-08-31T20:56:13.128] [INFO] default - GET /login
[2022-08-31T20:56:13.133] [WARN] default - GET /hljhjlh
[2022-08-31T20:56:25.028] [WARN] default - GET /hljhjlh
[2022-08-31T20:56:25.275] [INFO] default - GET /login
[2022-08-31T20:56:25.303] [WARN] default - GET /yt
[2022-08-31T20:56:27.782] [INFO] default - GET /
[2022-08-31T20:56:28.185] [WARN] default - GET /hljhjlh
[2022-08-31T20:56:28.232] [WARN] default - GET /yt
[2022-08-31T20:56:28.237] [INFO] default - GET /login
[2022-08-31T20:56:34.244] [WARN] default - GET /chngv
[2022-08-31T20:56:34.999] [WARN] default - GET /chngv
[2022-08-31T20:56:35.742] [WARN] default - GET /chngv
[2022-08-31T20:56:36.350] [WARN] default - GET /chngv
[2022-08-31T20:56:36.904] [WARN] default - GET /chngv
[2022-08-31T20:56:37.348] [WARN] default - GET /chngv
[2022-08-31T20:56:38.119] [WARN] default - GET /chngv
[2022-08-31T20:56:38.431] [WARN] default - GET /chngv
[2022-08-31T20:56:38.674] [WARN] default - GET /chngv
[2022-08-31T20:56:38.916] [WARN] default - GET /chngv
[2022-08-31T20:56:39.178] [WARN] default - GET /chngv
[2022-08-31T20:56:39.371] [WARN] default - GET /chngv
[2022-08-31T20:56:39.572] [WARN] default - GET /chngv
[2022-08-31T20:56:39.682] [WARN] default - GET /chngv
[2022-08-31T20:56:39.910] [WARN] default - GET /chngv
[2022-08-31T20:56:40.710] [WARN] default - GET /chngv
[2022-08-31T20:56:52.622] [WARN] default - GET /hljhjlh
[2022-08-31T20:56:53.026] [WARN] default - GET /chngv
[2022-08-31T20:56:53.034] [INFO] default - GET /login
[2022-08-31T21:00:17.237] [WARN] default - GET /hljhjlh
[2022-08-31T21:00:17.781] [WARN] default - GET /chngv
[2022-08-31T21:00:17.788] [INFO] default - GET /login
[2022-08-31T21:12:02.516] [WARN] default - GET /hljhjlh
[2022-08-31T21:12:02.539] [WARN] default - GET /chngv
[2022-08-31T21:12:02.544] [INFO] default - GET /login
[2022-08-31T21:12:48.899] [WARN] default - GET /hljhjlh
[2022-08-31T21:12:48.931] [WARN] default - GET /chngv
[2022-08-31T21:12:48.934] [INFO] default - GET /login
[2022-08-31T21:23:49.759] [WARN] default - GET /hljhjlh
[2022-08-31T21:23:49.788] [WARN] default - GET /chngv
[2022-08-31T21:23:49.793] [INFO] default - GET /login
[2022-08-31T21:25:03.165] [INFO] default - GET /logout
[2022-08-31T21:25:10.551] [INFO] default - GET /logout
[2022-08-31T21:25:10.633] [INFO] default - GET /login
[2022-08-31T21:25:10.709] [INFO] default - GET /login
[2022-08-31T21:25:16.980] [INFO] default - POST /login
[2022-08-31T21:25:19.196] [INFO] default - GET /successLogin
[2022-08-31T21:25:19.315] [INFO] default - GET /
[2022-08-31T21:25:19.864] [WARN] default - GET /hljhjlh
[2022-08-31T21:25:19.872] [WARN] default - GET /chngv
[2022-08-31T21:25:20.532] [INFO] default - GET /login
[2022-08-31T21:25:21.282] [INFO] default - GET /logout
[2022-08-31T21:25:21.459] [INFO] default - GET /login
[2022-08-31T21:25:23.486] [INFO] default - POST /logout
[2022-08-31T21:25:23.878] [INFO] default - GET /login
[2022-08-31T21:25:23.964] [INFO] default - GET /login
[2022-08-31T21:25:31.933] [INFO] default - POST /login
[2022-08-31T21:25:32.230] [INFO] default - GET /failureLogin
[2022-08-31T21:25:32.343] [INFO] default - GET /loginError
[2022-08-31T21:25:34.890] [INFO] default - GET /login
[2022-08-31T21:25:38.368] [INFO] default - GET /signup
[2022-08-31T21:25:47.389] [INFO] default - POST /signup
[2022-08-31T21:26:21.901] [INFO] default - POST /signup
[2022-08-31T21:26:22.389] [INFO] default - GET /successSignup
[2022-08-31T21:26:22.438] [INFO] default - GET /
[2022-08-31T21:26:22.763] [WARN] default - GET /hljhjlh
[2022-08-31T21:26:22.782] [WARN] default - GET /chngv
[2022-08-31T21:26:23.003] [INFO] default - GET /login
[2022-08-31T21:26:24.305] [INFO] default - GET /logout
[2022-08-31T21:26:24.439] [INFO] default - GET /login
[2022-08-31T21:26:26.458] [INFO] default - POST /logout
[2022-08-31T21:26:26.602] [INFO] default - GET /login
[2022-08-31T21:26:26.747] [INFO] default - GET /login
[2022-08-31T21:26:37.600] [INFO] default - GET /signup
[2022-08-31T21:26:45.410] [INFO] default - POST /signup
[2022-08-31T21:26:45.610] [INFO] default - GET /failureSignup
[2022-08-31T21:26:45.654] [INFO] default - GET /signupError
[2022-08-31T21:26:57.403] [INFO] default - GET /signup
[2022-08-31T21:27:09.399] [INFO] default - POST /signup
[2022-08-31T21:27:09.636] [INFO] default - GET /failureSignup
[2022-08-31T21:27:09.772] [INFO] default - GET /signupError
[2022-08-31T21:28:28.289] [INFO] default - GET /signup
[2022-08-31T21:28:38.156] [INFO] default - POST /signup
[2022-08-31T21:28:38.288] [ERROR] default - Error al Insertar: this.save is not a function
[2022-08-31T21:29:00.000] [INFO] default - POST /signup
[2022-08-31T21:29:00.152] [ERROR] default - Error al Insertar: this.collection.insertOne is not a function
[2022-08-31T21:29:01.969] [INFO] default - POST /signup
[2022-08-31T21:29:02.085] [ERROR] default - Error al Insertar: this.collection.insertOne is not a function
[2022-08-31T21:29:46.464] [INFO] default - POST /signup
[2022-08-31T21:29:47.045] [INFO] default - GET /successSignup
[2022-08-31T21:29:47.098] [INFO] default - GET /
[2022-08-31T21:29:47.467] [WARN] default - GET /hljhjlh
[2022-08-31T21:29:47.479] [WARN] default - GET /chngv
[2022-08-31T21:29:47.788] [INFO] default - GET /login
[2022-08-31T21:29:48.738] [INFO] default - GET /logout
[2022-08-31T21:29:48.873] [INFO] default - GET /login
[2022-08-31T21:29:50.877] [INFO] default - POST /logout
[2022-08-31T21:29:51.004] [INFO] default - GET /login
[2022-08-31T21:29:51.100] [INFO] default - GET /login
[2022-08-31T21:30:04.088] [INFO] default - POST /login
[2022-08-31T21:30:04.169] [INFO] default - GET /failureLogin
[2022-08-31T21:30:04.214] [INFO] default - GET /loginError
[2022-08-31T21:30:06.862] [INFO] default - GET /login
[2022-08-31T21:30:13.190] [INFO] default - GET /signup
[2022-08-31T21:30:19.954] [INFO] default - POST /signup
[2022-08-31T21:30:20.248] [INFO] default - GET /successSignup
[2022-08-31T21:30:20.295] [INFO] default - GET /
[2022-08-31T21:30:20.615] [WARN] default - GET /hljhjlh
[2022-08-31T21:30:20.628] [WARN] default - GET /chngv
[2022-08-31T21:30:20.636] [INFO] default - GET /login
[2022-08-31T21:30:31.760] [WARN] default - GET /hljhjlh
[2022-08-31T21:30:32.071] [INFO] default - GET /login
[2022-08-31T21:30:32.075] [WARN] default - GET /chngv
[2022-08-31T21:30:44.832] [WARN] default - GET /hljhjlh
[2022-08-31T21:30:45.555] [INFO] default - GET /login
[2022-08-31T21:30:45.628] [WARN] default - GET /chngv
[2022-08-31T21:31:07.567] [WARN] default - GET /hljhjlh
[2022-08-31T21:31:08.018] [WARN] default - GET /chngv
[2022-08-31T21:31:08.061] [INFO] default - GET /login
[2022-08-31T21:32:10.614] [INFO] default - GET /logout
[2022-08-31T21:32:10.960] [INFO] default - GET /login
[2022-08-31T21:32:12.873] [INFO] default - POST /logout
[2022-08-31T21:32:13.279] [INFO] default - GET /login
[2022-08-31T21:32:13.476] [INFO] default - GET /login
[2022-08-31T21:32:22.978] [INFO] default - POST /login
[2022-08-31T21:33:33.702] [INFO] default - POST /login
[2022-08-31T21:33:35.805] [INFO] default - POST /login
[2022-08-31T21:33:39.368] [INFO] default - GET /login
[2022-08-31T21:33:47.972] [INFO] default - POST /login
[2022-08-31T21:34:34.442] [INFO] default - GET /login
[2022-08-31T21:34:47.776] [INFO] default - POST /login
[2022-08-31T21:34:48.335] [INFO] default - GET /successLogin
[2022-08-31T21:34:48.462] [INFO] default - GET /
[2022-08-31T21:34:49.031] [WARN] default - GET /hljhjlh
[2022-08-31T21:34:49.042] [WARN] default - GET /chngv
[2022-08-31T21:34:49.296] [INFO] default - GET /login
[2022-08-31T21:34:50.215] [INFO] default - GET /logout
[2022-08-31T21:34:50.559] [INFO] default - GET /login
[2022-08-31T21:34:52.558] [INFO] default - POST /logout
[2022-08-31T21:34:52.706] [INFO] default - GET /login
[2022-08-31T21:34:52.853] [INFO] default - GET /login
[2022-08-31T21:35:08.759] [INFO] default - POST /login
[2022-08-31T21:35:09.148] [INFO] default - GET /failureLogin
[2022-08-31T21:35:09.199] [INFO] default - GET /loginError
[2022-08-31T21:35:11.597] [INFO] default - GET /login
[2022-08-31T21:35:13.288] [INFO] default - GET /signup
[2022-08-31T21:35:17.275] [INFO] default - POST /signup
[2022-08-31T21:35:17.697] [INFO] default - GET /successSignup
[2022-08-31T21:35:17.805] [INFO] default - GET /
[2022-08-31T21:35:18.362] [WARN] default - GET /hljhjlh
[2022-08-31T21:35:18.396] [WARN] default - GET /chngv
[2022-08-31T21:35:18.663] [INFO] default - GET /login
[2022-08-31T21:35:24.781] [INFO] default - GET /logout
[2022-08-31T21:35:25.110] [INFO] default - GET /login
[2022-08-31T21:35:27.168] [INFO] default - POST /logout
[2022-08-31T21:35:27.305] [INFO] default - GET /login
[2022-08-31T21:35:27.476] [INFO] default - GET /login
[2022-08-31T21:35:28.428] [INFO] default - GET /signup
[2022-08-31T21:35:30.142] [INFO] default - POST /signup
[2022-08-31T21:35:30.383] [INFO] default - GET /failureSignup
[2022-08-31T21:35:30.443] [INFO] default - GET /signupError
[2022-08-31T21:35:33.184] [INFO] default - GET /signup
