[2022-08-31T10:21:31.116] [ERROR] default - Error al Insertar: logger is not defined
[2022-08-31T10:22:19.424] [ERROR] default - Error al Insertar: logger is not defined
[2022-08-31T10:22:43.511] [ERROR] default - Error al Insertar: logger is not defined
[2022-08-31T10:38:41.233] [ERROR] default - Error al Insertar: this.products is not a constructor
[2022-08-31T10:41:10.008] [ERROR] default - Error: querySrv ECONNREFUSED _mongodb._tcp.cluster0.9ghdw.mongodb.net
    at QueryReqWrap.onresolve [as oncomplete] (node:dns:213:19) {
  errno: undefined,
  code: 'ECONNREFUSED',
  syscall: 'querySrv',
  hostname: '_mongodb._tcp.cluster0.9ghdw.mongodb.net'
}
[2022-08-31T10:41:16.431] [ERROR] default - Error: querySrv ECONNREFUSED _mongodb._tcp.cluster0.9ghdw.mongodb.net
    at QueryReqWrap.onresolve [as oncomplete] (node:dns:213:19) {
  errno: undefined,
  code: 'ECONNREFUSED',
  syscall: 'querySrv',
  hostname: '_mongodb._tcp.cluster0.9ghdw.mongodb.net'
}
[2022-08-31T10:41:30.216] [ERROR] default - Error: querySrv ECONNREFUSED _mongodb._tcp.cluster0.9ghdw.mongodb.net
    at QueryReqWrap.onresolve [as oncomplete] (node:dns:213:19) {
  errno: undefined,
  code: 'ECONNREFUSED',
  syscall: 'querySrv',
  hostname: '_mongodb._tcp.cluster0.9ghdw.mongodb.net'
}
[2022-08-31T10:42:39.263] [ERROR] default - Error al Insertar: this.products.save is not a constructor
[2022-08-31T10:43:17.215] [ERROR] default - Error al Insertar: this.products.save is not a constructor
[2022-08-31T10:43:30.758] [ERROR] default - Error al Insertar: this.products.save is not a constructor
[2022-08-31T10:43:57.345] [ERROR] default - Error al Insertar: this.products.save is not a constructor
[2022-08-31T10:45:42.435] [ERROR] default - Error al Insertar: this.products.save is not a constructor
[2022-08-31T10:51:09.482] [ERROR] default - Error al Insertar: Cannot read properties of undefined (reading 'save')
[2022-08-31T10:51:36.475] [ERROR] default - Error al Insertar: Cannot read properties of undefined (reading 'save')
[2022-08-31T10:52:28.863] [ERROR] default - Error al Insertar: this.products.save is not a constructor
[2022-08-31T17:08:13.003] [ERROR] default - Error al Borrar: Error al Borrar: Elemento no encontrado
[2022-08-31T17:08:18.259] [ERROR] default - Error al Borrar: Error al Borrar: Elemento no encontrado
[2022-08-31T17:14:53.223] [ERROR] default - Error al Crear: generateObject is not a function
[2022-08-31T17:15:12.252] [ERROR] default - Error al Crear: generateObject is not a function
[2022-08-31T17:16:01.764] [ERROR] default - Error al Crear: faker.random.uuid is not a function
[2022-08-31T17:38:45.483] [WARN] default - GET /favicon.ico
[2022-08-31T17:39:45.039] [ERROR] default - Error al Leer: this[#repoProducts].getAll is not a function
[2022-08-31T17:47:39.461] [WARN] default - GET /jlhgk
[2022-08-31T17:47:55.720] [WARN] default - GET /jlhgk
[2022-08-31T17:50:12.059] [WARN] default - GET /jlhgk
[2022-08-31T17:50:40.255] [WARN] default - GET /jlhgk
[2022-08-31T17:50:57.851] [WARN] default - GET /jlhgk
[2022-08-31T17:53:46.238] [WARN] default - GET /jlhgk
[2022-08-31T17:53:53.483] [WARN] default - GET /jlhgk
[2022-08-31T17:54:03.397] [WARN] default - GET /jlhgk
[2022-08-31T17:56:04.859] [WARN] default - GET /jlhgk
[2022-08-31T17:57:51.956] [WARN] default - GET /jlhgk
[2022-08-31T17:57:55.720] [WARN] default - GET /jlhgk
[2022-08-31T17:57:58.834] [WARN] default - GET /jlhgk
[2022-08-31T17:58:23.313] [WARN] default - GET /jlhgk
[2022-08-31T20:13:07.616] [ERROR] default - Error al Leer: #<Object> is not a function
[2022-08-31T20:18:11.877] [WARN] default - GET /fgj
[2022-08-31T20:18:19.047] [WARN] default - GET /yuirt
[2022-08-31T20:18:21.179] [WARN] default - GET /yuirt
[2022-08-31T20:18:21.372] [WARN] default - GET /yuirt
[2022-08-31T20:18:21.568] [WARN] default - GET /yuirt
[2022-08-31T20:18:21.783] [WARN] default - GET /yuirt
[2022-08-31T20:18:21.995] [WARN] default - GET /yuirt
[2022-08-31T20:18:26.736] [WARN] default - GET /fgj
[2022-08-31T20:18:27.048] [WARN] default - GET /yuirt
[2022-08-31T20:40:16.354] [ERROR] default - Error al Crear: cant is not defined
[2022-08-31T20:40:39.481] [ERROR] default - Error al Crear: cant is not defined
[2022-08-31T20:42:36.427] [ERROR] default - Error al Crear: cant is not defined
[2022-08-31T20:43:26.019] [ERROR] default - Error al Crear: cant is not defined
[2022-08-31T20:44:24.512] [ERROR] default - Error al Crear: dtoProduct is not defined
[2022-08-31T20:44:48.616] [ERROR] default - Error al Crear: dtoProduct is not defined
[2022-08-31T20:45:49.312] [ERROR] default - Error al Crear: dtoProduct is not defined
[2022-08-31T20:46:30.312] [ERROR] default - Error al Crear: dtoProduct is not defined
[2022-08-31T20:47:09.590] [ERROR] default - Error al Insertar: Error en escritura: fs is not defined
[2022-08-31T20:47:46.467] [ERROR] default - Error al Insertar: Error en escritura: fs is not defined
[2022-08-31T20:48:52.006] [WARN] default - GET /hgk
[2022-08-31T20:49:42.636] [WARN] default - GET /hgk
[2022-08-31T20:50:00.440] [WARN] default - GET /hgk
[2022-08-31T20:50:24.594] [WARN] default - GET /hgk
[2022-08-31T20:51:13.968] [WARN] default - GET /hgk
[2022-08-31T20:51:42.581] [WARN] default - GET /hgk
[2022-08-31T20:52:16.274] [WARN] default - GET /hgk
[2022-08-31T20:52:21.101] [WARN] default - GET /hgk
[2022-08-31T20:54:05.546] [WARN] default - GET /hljhjlh
[2022-08-31T20:55:28.277] [WARN] default - GET /hljhjlh
[2022-08-31T20:55:49.912] [WARN] default - GET /hljhjlh
[2022-08-31T20:56:01.781] [WARN] default - GET /hljhjlh
[2022-08-31T20:56:13.133] [WARN] default - GET /hljhjlh
[2022-08-31T20:56:25.028] [WARN] default - GET /hljhjlh
[2022-08-31T20:56:25.303] [WARN] default - GET /yt
[2022-08-31T20:56:28.185] [WARN] default - GET /hljhjlh
[2022-08-31T20:56:28.232] [WARN] default - GET /yt
[2022-08-31T20:56:34.244] [WARN] default - GET /chngv
[2022-08-31T20:56:34.999] [WARN] default - GET /chngv
[2022-08-31T20:56:35.742] [WARN] default - GET /chngv
[2022-08-31T20:56:36.350] [WARN] default - GET /chngv
[2022-08-31T20:56:36.904] [WARN] default - GET /chngv
[2022-08-31T20:56:37.348] [WARN] default - GET /chngv
[2022-08-31T20:56:38.119] [WARN] default - GET /chngv
[2022-08-31T20:56:38.431] [WARN] default - GET /chngv
[2022-08-31T20:56:38.674] [WARN] default - GET /chngv
[2022-08-31T20:56:38.916] [WARN] default - GET /chngv
[2022-08-31T20:56:39.178] [WARN] default - GET /chngv
[2022-08-31T20:56:39.371] [WARN] default - GET /chngv
[2022-08-31T20:56:39.572] [WARN] default - GET /chngv
[2022-08-31T20:56:39.682] [WARN] default - GET /chngv
[2022-08-31T20:56:39.910] [WARN] default - GET /chngv
[2022-08-31T20:56:40.710] [WARN] default - GET /chngv
[2022-08-31T20:56:52.622] [WARN] default - GET /hljhjlh
[2022-08-31T20:56:53.026] [WARN] default - GET /chngv
[2022-08-31T21:00:17.237] [WARN] default - GET /hljhjlh
[2022-08-31T21:00:17.781] [WARN] default - GET /chngv
[2022-08-31T21:12:02.516] [WARN] default - GET /hljhjlh
[2022-08-31T21:12:02.539] [WARN] default - GET /chngv
[2022-08-31T21:12:48.899] [WARN] default - GET /hljhjlh
[2022-08-31T21:12:48.931] [WARN] default - GET /chngv
[2022-08-31T21:23:49.759] [WARN] default - GET /hljhjlh
[2022-08-31T21:23:49.788] [WARN] default - GET /chngv
[2022-08-31T21:25:19.864] [WARN] default - GET /hljhjlh
[2022-08-31T21:25:19.872] [WARN] default - GET /chngv
[2022-08-31T21:26:22.763] [WARN] default - GET /hljhjlh
[2022-08-31T21:26:22.782] [WARN] default - GET /chngv
[2022-08-31T21:28:38.288] [ERROR] default - Error al Insertar: this.save is not a function
[2022-08-31T21:29:00.152] [ERROR] default - Error al Insertar: this.collection.insertOne is not a function
[2022-08-31T21:29:02.085] [ERROR] default - Error al Insertar: this.collection.insertOne is not a function
[2022-08-31T21:29:47.467] [WARN] default - GET /hljhjlh
[2022-08-31T21:29:47.479] [WARN] default - GET /chngv
[2022-08-31T21:30:20.615] [WARN] default - GET /hljhjlh
[2022-08-31T21:30:20.628] [WARN] default - GET /chngv
[2022-08-31T21:30:31.760] [WARN] default - GET /hljhjlh
[2022-08-31T21:30:32.075] [WARN] default - GET /chngv
[2022-08-31T21:30:44.832] [WARN] default - GET /hljhjlh
[2022-08-31T21:30:45.628] [WARN] default - GET /chngv
[2022-08-31T21:31:07.567] [WARN] default - GET /hljhjlh
[2022-08-31T21:31:08.018] [WARN] default - GET /chngv
[2022-08-31T21:34:49.031] [WARN] default - GET /hljhjlh
[2022-08-31T21:34:49.042] [WARN] default - GET /chngv
[2022-08-31T21:35:18.362] [WARN] default - GET /hljhjlh
[2022-08-31T21:35:18.396] [WARN] default - GET /chngv
